<?xml version="1.0" encoding="UTF-8"?>
<!-- Generated by org.testng.reporters.JUnitReportReporter -->
<testsuite skipped="0" hostname="DESKTOP-IUV45J7" name="com.model.MercurytsPropertyTest" tests="3" failures="0" timestamp="16 Apr 2019 06:39:08 GMT" time="165.103" errors="0">
  <testcase name="loginwithvalidds" time="89.464" classname="com.model.MercurytsPropertyTest"/>
  <testcase name="loginwithvalidds2" time="70.017" classname="com.model.MercurytsPropertyTest"/>
  <testcase name="loginwithinvalidds" time="5.622" classname="com.model.MercurytsPropertyTest"/>
</testsuite> <!-- com.model.MercurytsPropertyTest -->
